<?xml version="1.0" encoding="UTF-8"?>
<!-- Generated by org.testng.reporters.JUnitReportReporter -->
<testsuite hostname="Prakash" failures="1" tests="5" name="org.aapium.EndToEnd_SE_Flow" time="12.969" errors="0" timestamp="2023-10-11T16:05:14 IST" skipped="4">
  <testcase classname="org.aapium.EndToEnd_SE_Flow" name="SC_Admin_flow" time="0.000">
    <skipped/>
  </testcase> <!-- SC_Admin_flow -->
  <system-out/>
  <testcase classname="org.aapium.EndToEnd_SE_Flow" name="SP_Tech_Flow" time="0.000">
    <skipped/>
  </testcase> <!-- SP_Tech_Flow -->
  <system-out/>
  <testcase classname="org.aapium.EndToEnd_SE_Flow" name="SP_Admin_Complete_Flow" time="0.000">
    <skipped/>
  </testcase> <!-- SP_Admin_Complete_Flow -->
  <system-out/>
  <testcase classname="org.aapium.EndToEnd_SE_Flow" name="TD_Admin_Approve_Flow" time="0.000">
    <skipped/>
  </testcase> <!-- TD_Admin_Approve_Flow -->
  <system-out/>
  <testcase classname="org.aapium.EndToEnd_SE_Flow" name="TDflow" time="12.969">
    <failure message="expected [Confirm thiss address] but found [Confirm this address]" type="java.lang.AssertionError">
      <![CDATA[java.lang.AssertionError: expected [Confirm thiss address] but found [Confirm this address]
at org.aapium.EndToEnd_SE_Flow.TDflow(EndToEnd_SE_Flow.java:73)
]]>
    </failure>
  </testcase> <!-- TDflow -->
  <system-out/>
</testsuite> <!-- org.aapium.EndToEnd_SE_Flow -->
