<?xml version="1.0" encoding="UTF-8"?>
<!-- Generated by org.testng.reporters.JUnitReportReporter -->
<testsuite hostname="Prakash" failures="1" tests="1" name="org.aapium.TDActions" time="13.789" errors="0" timestamp="2023-10-11T17:11:43 IST" skipped="0">
  <testcase classname="org.aapium.TDActions" name="TDflow" time="13.789">
    <failure message="expected [Confirm thiss address] but found [Confirm this address]" type="java.lang.AssertionError">
      <![CDATA[java.lang.AssertionError: expected [Confirm thiss address] but found [Confirm this address]
at org.aapium.TDActions.TDflow(TDActions.java:32)
]]>
    </failure>
  </testcase> <!-- TDflow -->
  <system-out/>
</testsuite> <!-- org.aapium.TDActions -->
